[2019-01-15 17:26:00,587] multiqc                                            [DEBUG  ]  No MultiQC config found: /opt/miniconda3/lib/python3.6/site-packages/multiqc_config.yaml
[2019-01-15 17:26:00,587] multiqc                                            [DEBUG  ]  No MultiQC config found: /home/smanska/.multiqc_config.yaml
[2019-01-15 17:26:00,588] multiqc                                            [DEBUG  ]  No MultiQC config found: multiqc_config.yaml
[2019-01-15 17:26:00,588] multiqc                                            [DEBUG  ]  Command used: /opt/miniconda3/bin/multiqc .
[2019-01-15 17:26:01,510] multiqc                                            [WARNING]  MultiQC Version v1.7 now available!
[2019-01-15 17:26:01,511] multiqc                                            [INFO   ]  This is MultiQC v1.6
[2019-01-15 17:26:01,511] multiqc                                            [DEBUG  ]  Command     : /opt/miniconda3/bin/multiqc .
[2019-01-15 17:26:01,511] multiqc                                            [DEBUG  ]  Working dir : /home/smanska/work/trim
[2019-01-15 17:26:01,511] multiqc                                            [INFO   ]  Template    : default
[2019-01-15 17:26:01,512] multiqc                                            [INFO   ]  Searching '.'
[2019-01-15 17:26:01,513] multiqc                                            [DEBUG  ]  Analysing modules: custom_content, conpair, peddy, methylQA, qualimap, preseq, quast, qorts, rna_seqc, rsem, rseqc, busco, goleft_indexcov, disambiguate, supernova, deeptools, sargasso, verifybamid, mirtrace, happy, homer, macs2, theta2, snpeff, gatk, htseq, bcftools, featureCounts, dedup, picard, prokka, samblaster, samtools, bamtools, jellyfish, vcftools, longranger, bbmap, bismark, hicexplorer, hicup, hicpro, salmon, kallisto, slamdunk, star, hisat2, tophat, bowtie2, bowtie1, kat, leehom, adapterRemoval, clipandmerge, cutadapt, flexbar, trimmomatic, skewer, sortmerna, biobloomtools, fastq_screen, afterqc, fastp, fastqc, clusterflow, bcl2fastq, interop
[2019-01-15 17:26:01,513] multiqc                                            [DEBUG  ]  Using temporary directory for creating report: /tmp/tmpue384mjt
[2019-01-15 17:26:01,603] multiqc                                            [DEBUG  ]  Ignoring file as matched an ignore pattern: 6Hour_CGATGT_L002_R2_003.fastq
[2019-01-15 17:26:01,603] multiqc                                            [DEBUG  ]  Ignoring file as matched an ignore pattern: 0Hour_ATCACG_L002_R2_005.fastq
[2019-01-15 17:26:01,604] multiqc                                            [DEBUG  ]  Ignoring file as matched an ignore pattern: 0Hour_ATCACG_L002_R1_003.fastq
[2019-01-15 17:26:01,604] multiqc                                            [DEBUG  ]  Ignoring file as matched an ignore pattern: 6Hour_CGATGT_L002_R2_001.fastq
[2019-01-15 17:26:01,616] multiqc                                            [DEBUG  ]  Ignoring file as matched an ignore pattern: 0Hour_ATCACG_L002_R1_004.qc.fq.gz
[2019-01-15 17:26:01,616] multiqc                                            [DEBUG  ]  Ignoring file as matched an ignore pattern: 6Hour_CGATGT_L002_R1_003.fastq
[2019-01-15 17:26:01,617] multiqc                                            [DEBUG  ]  Ignoring file as matched an ignore pattern: 6Hour_CGATGT_L002_R2_002.fastq
[2019-01-15 17:26:01,617] multiqc                                            [DEBUG  ]  Ignoring file as matched an ignore pattern: 6Hour_CGATGT_L002_R1_002.qc.fq.gz
[2019-01-15 17:26:01,617] multiqc                                            [DEBUG  ]  Ignoring file as matched an ignore pattern: 6Hour_CGATGT_L002_R1_004.fastq
[2019-01-15 17:26:01,618] multiqc                                            [DEBUG  ]  Ignoring file as matched an ignore pattern: 6Hour_CGATGT_L002_R1_001.fastq
[2019-01-15 17:26:01,618] multiqc                                            [DEBUG  ]  Ignoring file as matched an ignore pattern: 0Hour_ATCACG_L002_R1_003.qc_fastqc.html
[2019-01-15 17:26:01,618] multiqc                                            [DEBUG  ]  Ignoring file as matched an ignore pattern: 6Hour_CGATGT_L002_R2_005.qc_fastqc.html
[2019-01-15 17:26:01,619] multiqc                                            [DEBUG  ]  Ignoring file as matched an ignore pattern: 0Hour_ATCACG_L002_R2_004.qc.fq.gz
[2019-01-15 17:26:01,619] multiqc                                            [DEBUG  ]  Ignoring file as matched an ignore pattern: 6Hour_CGATGT_L002_R2_004.qc.fq.gz
[2019-01-15 17:26:01,619] multiqc                                            [DEBUG  ]  Ignoring file as matched an ignore pattern: combined.fa
[2019-01-15 17:26:01,620] multiqc                                            [DEBUG  ]  Ignoring file as matched an ignore pattern: 0Hour_ATCACG_L002_R1_003.qc.fq.gz
[2019-01-15 17:26:01,620] multiqc                                            [DEBUG  ]  Ignoring file as matched an ignore pattern: 0Hour_ATCACG_L002_R1_001.fastq
[2019-01-15 17:26:01,621] multiqc                                            [DEBUG  ]  Ignoring file as matched an ignore pattern: 0Hour_ATCACG_L002_R1_005.qc.fq.gz
[2019-01-15 17:26:01,621] multiqc                                            [DEBUG  ]  Ignoring file as matched an ignore pattern: 6Hour_CGATGT_L002_R2_004.fastq
[2019-01-15 17:26:01,621] multiqc                                            [DEBUG  ]  Ignoring file as matched an ignore pattern: 0Hour_ATCACG_L002_R2_005.qc.fq.gz
[2019-01-15 17:26:01,622] multiqc                                            [DEBUG  ]  Ignoring file as matched an ignore pattern: 6Hour_CGATGT_L002_R1_005.fastq
[2019-01-15 17:26:01,623] multiqc                                            [DEBUG  ]  Ignoring file as matched an ignore pattern: 0Hour_ATCACG_L002_R2_001.qc.fq.gz
[2019-01-15 17:26:01,623] multiqc                                            [DEBUG  ]  Ignoring file as matched an ignore pattern: 0Hour_ATCACG_L002_R2_004.qc_fastqc.html
[2019-01-15 17:26:01,624] multiqc                                            [DEBUG  ]  Ignoring file as matched an ignore pattern: 6Hour_CGATGT_L002_R1_005.qc.fq.gz
[2019-01-15 17:26:01,625] multiqc                                            [DEBUG  ]  Ignoring file as matched an ignore pattern: 6Hour_CGATGT_L002_R1_002.qc_fastqc.html
[2019-01-15 17:26:01,627] multiqc                                            [DEBUG  ]  Ignoring file as matched an ignore pattern: 0Hour_ATCACG_L002_R2_005.qc_fastqc.html
[2019-01-15 17:26:01,627] multiqc                                            [DEBUG  ]  Ignoring file as matched an ignore pattern: 6Hour_CGATGT_L002_R1_003.qc.fq.gz
[2019-01-15 17:26:01,628] multiqc                                            [DEBUG  ]  Ignoring file as matched an ignore pattern: 0Hour_ATCACG_L002_R1_002.qc.fq.gz
[2019-01-15 17:26:01,629] multiqc                                            [DEBUG  ]  Ignoring file as matched an ignore pattern: orphans.qc.fq.gz
[2019-01-15 17:26:01,629] multiqc                                            [DEBUG  ]  Ignoring file as matched an ignore pattern: 6Hour_CGATGT_L002_R1_001.qc_fastqc.html
[2019-01-15 17:26:01,630] multiqc                                            [DEBUG  ]  Ignoring file as matched an ignore pattern: 6Hour_CGATGT_L002_R2_001.qc_fastqc.html
[2019-01-15 17:26:01,630] multiqc                                            [DEBUG  ]  Ignoring file as matched an ignore pattern: 6Hour_CGATGT_L002_R2_002.qc_fastqc.html
[2019-01-15 17:26:01,631] multiqc                                            [DEBUG  ]  Ignoring file as matched an ignore pattern: 0Hour_ATCACG_L002_R2_003.qc_fastqc.html
[2019-01-15 17:26:01,631] multiqc                                            [DEBUG  ]  Ignoring file as matched an ignore pattern: 6Hour_CGATGT_L002_R2_003.qc.fq.gz
[2019-01-15 17:26:01,631] multiqc                                            [DEBUG  ]  Ignoring file as matched an ignore pattern: 6Hour_CGATGT_L002_R2_001.qc.fq.gz
[2019-01-15 17:26:01,632] multiqc                                            [DEBUG  ]  Ignoring file as matched an ignore pattern: 6Hour_CGATGT_L002_R1_002.fastq
[2019-01-15 17:26:01,632] multiqc                                            [DEBUG  ]  Ignoring file as matched an ignore pattern: 0Hour_ATCACG_L002_R1_002.qc_fastqc.html
[2019-01-15 17:26:01,633] multiqc                                            [DEBUG  ]  Ignoring file as matched an ignore pattern: 0Hour_ATCACG_L002_R2_001.qc_fastqc.html
[2019-01-15 17:26:01,633] multiqc                                            [DEBUG  ]  Ignoring file as matched an ignore pattern: 6Hour_CGATGT_L002_R2_003.qc_fastqc.html
[2019-01-15 17:26:01,633] multiqc                                            [DEBUG  ]  Ignoring file as matched an ignore pattern: 0Hour_ATCACG_L002_R1_004.fastq
[2019-01-15 17:26:01,634] multiqc                                            [DEBUG  ]  Ignoring file as matched an ignore pattern: 6Hour_CGATGT_L002_R2_004.qc_fastqc.html
[2019-01-15 17:26:01,634] multiqc                                            [DEBUG  ]  Ignoring file as matched an ignore pattern: 0Hour_ATCACG_L002_R1_004.qc_fastqc.html
[2019-01-15 17:26:01,634] multiqc                                            [DEBUG  ]  Ignoring file as matched an ignore pattern: 0Hour_ATCACG_L002_R1_005.qc_fastqc.html
[2019-01-15 17:26:01,635] multiqc                                            [DEBUG  ]  Ignoring file as matched an ignore pattern: 0Hour_ATCACG_L002_R1_002.fastq
[2019-01-15 17:26:01,636] multiqc                                            [DEBUG  ]  Ignoring file as matched an ignore pattern: 0Hour_ATCACG_L002_R2_003.qc.fq.gz
[2019-01-15 17:26:01,636] multiqc                                            [DEBUG  ]  Ignoring file as matched an ignore pattern: 6Hour_CGATGT_L002_R1_001.qc.fq.gz
[2019-01-15 17:26:01,637] multiqc                                            [DEBUG  ]  Ignoring file as matched an ignore pattern: 0Hour_ATCACG_L002_R1_001.qc.fq.gz
[2019-01-15 17:26:01,637] multiqc                                            [DEBUG  ]  Ignoring file as matched an ignore pattern: 6Hour_CGATGT_L002_R2_005.fastq
[2019-01-15 17:26:01,637] multiqc                                            [DEBUG  ]  Ignoring file as matched an ignore pattern: 0Hour_ATCACG_L002_R2_003.fastq
[2019-01-15 17:26:01,638] multiqc                                            [DEBUG  ]  Ignoring file as matched an ignore pattern: 0Hour_ATCACG_L002_R2_002.qc_fastqc.html
[2019-01-15 17:26:01,638] multiqc                                            [DEBUG  ]  Ignoring file as matched an ignore pattern: 0Hour_ATCACG_L002_R2_002.qc.fq.gz
[2019-01-15 17:26:01,639] multiqc                                            [DEBUG  ]  Ignoring file as matched an ignore pattern: 0Hour_ATCACG_L002_R2_004.fastq
[2019-01-15 17:26:01,639] multiqc                                            [DEBUG  ]  Ignoring file as matched an ignore pattern: 6Hour_CGATGT_L002_R2_002.qc.fq.gz
[2019-01-15 17:26:01,639] multiqc                                            [DEBUG  ]  Ignoring file as matched an ignore pattern: 0Hour_ATCACG_L002_R2_002.fastq
[2019-01-15 17:26:01,640] multiqc                                            [DEBUG  ]  Ignoring file as matched an ignore pattern: 0Hour_ATCACG_L002_R1_001.qc_fastqc.html
[2019-01-15 17:26:01,640] multiqc                                            [DEBUG  ]  Ignoring file as matched an ignore pattern: 6Hour_CGATGT_L002_R1_005.qc_fastqc.html
[2019-01-15 17:26:01,640] multiqc                                            [DEBUG  ]  Ignoring file as matched an ignore pattern: 6Hour_CGATGT_L002_R2_005.qc.fq.gz
[2019-01-15 17:26:01,640] multiqc                                            [DEBUG  ]  Ignoring file as matched an ignore pattern: 6Hour_CGATGT_L002_R1_004.qc_fastqc.html
[2019-01-15 17:26:01,641] multiqc                                            [DEBUG  ]  Ignoring file as matched an ignore pattern: 0Hour_ATCACG_L002_R1_005.fastq
[2019-01-15 17:26:01,642] multiqc                                            [DEBUG  ]  Ignoring file as matched an ignore pattern: 6Hour_CGATGT_L002_R1_004.qc.fq.gz
[2019-01-15 17:26:01,642] multiqc                                            [DEBUG  ]  Ignoring file as matched an ignore pattern: 0Hour_ATCACG_L002_R2_001.fastq
[2019-01-15 17:26:01,643] multiqc                                            [DEBUG  ]  Ignoring file as matched an ignore pattern: 6Hour_CGATGT_L002_R1_003.qc_fastqc.html
[2019-01-15 17:26:01,976] multiqc                                            [DEBUG  ]  No samples found: custom_content
[2019-01-15 17:26:01,982] multiqc                                            [DEBUG  ]  No samples found: conpair
[2019-01-15 17:26:02,013] multiqc                                            [DEBUG  ]  No samples found: peddy
[2019-01-15 17:26:02,019] multiqc                                            [DEBUG  ]  No samples found: methylQA
[2019-01-15 17:26:02,025] multiqc                                            [DEBUG  ]  No samples found: qualimap
[2019-01-15 17:26:02,031] multiqc                                            [DEBUG  ]  No samples found: preseq
[2019-01-15 17:26:02,036] multiqc                                            [DEBUG  ]  No samples found: quast
[2019-01-15 17:26:02,041] multiqc                                            [DEBUG  ]  No samples found: qorts
[2019-01-15 17:26:02,047] multiqc                                            [DEBUG  ]  No samples found: rna_seqc
[2019-01-15 17:26:02,052] multiqc                                            [DEBUG  ]  No samples found: rsem
[2019-01-15 17:26:02,061] multiqc                                            [DEBUG  ]  No samples found: rseqc
[2019-01-15 17:26:02,066] multiqc                                            [DEBUG  ]  No samples found: busco
[2019-01-15 17:26:02,071] multiqc                                            [DEBUG  ]  No samples found: goleft_indexcov
[2019-01-15 17:26:02,077] multiqc                                            [DEBUG  ]  No samples found: disambiguate
[2019-01-15 17:26:02,082] multiqc                                            [DEBUG  ]  No samples found: supernova
[2019-01-15 17:26:02,090] multiqc                                            [DEBUG  ]  No samples found: deeptools
[2019-01-15 17:26:02,095] multiqc                                            [DEBUG  ]  No samples found: sargasso
[2019-01-15 17:26:02,101] multiqc                                            [DEBUG  ]  No samples found: verifybamid
[2019-01-15 17:26:02,106] multiqc                                            [DEBUG  ]  No samples found: mirtrace
[2019-01-15 17:26:02,112] multiqc                                            [DEBUG  ]  No samples found: happy
[2019-01-15 17:26:02,118] multiqc                                            [DEBUG  ]  No samples found: homer
[2019-01-15 17:26:02,123] multiqc                                            [DEBUG  ]  No samples found: macs2
[2019-01-15 17:26:02,129] multiqc                                            [DEBUG  ]  No samples found: theta2
[2019-01-15 17:26:02,134] multiqc                                            [DEBUG  ]  No samples found: snpeff
[2019-01-15 17:26:02,141] multiqc                                            [DEBUG  ]  No samples found: gatk
[2019-01-15 17:26:02,146] multiqc                                            [DEBUG  ]  No samples found: htseq
[2019-01-15 17:26:02,152] multiqc                                            [DEBUG  ]  No samples found: bcftools
[2019-01-15 17:26:02,157] multiqc                                            [DEBUG  ]  No samples found: featureCounts
[2019-01-15 17:26:02,162] multiqc                                            [DEBUG  ]  No samples found: dedup
[2019-01-15 17:26:02,172] multiqc                                            [DEBUG  ]  No samples found: picard
[2019-01-15 17:26:02,178] multiqc                                            [DEBUG  ]  No samples found: prokka
[2019-01-15 17:26:02,183] multiqc                                            [DEBUG  ]  No samples found: samblaster
[2019-01-15 17:26:02,194] multiqc                                            [DEBUG  ]  No samples found: samtools
[2019-01-15 17:26:02,199] multiqc                                            [DEBUG  ]  No samples found: bamtools
[2019-01-15 17:26:02,203] multiqc                                            [DEBUG  ]  No samples found: jellyfish
[2019-01-15 17:26:02,212] multiqc                                            [DEBUG  ]  No samples found: vcftools
[2019-01-15 17:26:02,216] multiqc                                            [DEBUG  ]  No samples found: longranger
[2019-01-15 17:26:02,224] multiqc                                            [DEBUG  ]  No samples found: bbmap
[2019-01-15 17:26:02,229] multiqc                                            [DEBUG  ]  No samples found: bismark
[2019-01-15 17:26:02,233] multiqc                                            [DEBUG  ]  No samples found: hicexplorer
[2019-01-15 17:26:02,237] multiqc                                            [DEBUG  ]  No samples found: hicup
[2019-01-15 17:26:02,241] multiqc                                            [DEBUG  ]  No samples found: hicpro
[2019-01-15 17:26:02,245] multiqc                                            [DEBUG  ]  No samples found: salmon
[2019-01-15 17:26:02,249] multiqc                                            [DEBUG  ]  No samples found: kallisto
[2019-01-15 17:26:02,254] multiqc                                            [DEBUG  ]  No samples found: slamdunk
[2019-01-15 17:26:02,258] multiqc                                            [DEBUG  ]  No samples found: star
[2019-01-15 17:26:02,262] multiqc                                            [DEBUG  ]  No samples found: hisat2
[2019-01-15 17:26:02,265] multiqc                                            [DEBUG  ]  No samples found: tophat
[2019-01-15 17:26:02,269] multiqc                                            [DEBUG  ]  No samples found: bowtie2
[2019-01-15 17:26:02,273] multiqc                                            [DEBUG  ]  No samples found: bowtie1
[2019-01-15 17:26:02,277] multiqc                                            [DEBUG  ]  No samples found: kat
[2019-01-15 17:26:02,281] multiqc                                            [DEBUG  ]  No samples found: leehom
[2019-01-15 17:26:02,285] multiqc                                            [DEBUG  ]  No samples found: adapterRemoval
[2019-01-15 17:26:02,289] multiqc                                            [DEBUG  ]  No samples found: clipandmerge
[2019-01-15 17:26:02,293] multiqc                                            [DEBUG  ]  No samples found: cutadapt
[2019-01-15 17:26:02,297] multiqc                                            [DEBUG  ]  No samples found: flexbar
[2019-01-15 17:26:02,301] multiqc                                            [DEBUG  ]  No samples found: trimmomatic
[2019-01-15 17:26:02,305] multiqc                                            [DEBUG  ]  No samples found: skewer
[2019-01-15 17:26:02,309] multiqc                                            [DEBUG  ]  No samples found: sortmerna
[2019-01-15 17:26:02,313] multiqc                                            [DEBUG  ]  No samples found: biobloomtools
[2019-01-15 17:26:02,317] multiqc                                            [DEBUG  ]  No samples found: fastq_screen
[2019-01-15 17:26:02,321] multiqc                                            [DEBUG  ]  No samples found: afterqc
[2019-01-15 17:26:02,325] multiqc                                            [DEBUG  ]  No samples found: fastp
[2019-01-15 17:26:02,435] multiqc.modules.fastqc.fastqc                      [INFO   ]  Found 20 reports
[2019-01-15 17:26:03,108] multiqc                                            [DEBUG  ]  No samples found: clusterflow
[2019-01-15 17:26:03,113] multiqc                                            [DEBUG  ]  No samples found: bcl2fastq
[2019-01-15 17:26:03,119] multiqc                                            [DEBUG  ]  No samples found: interop
[2019-01-15 17:26:03,176] multiqc                                            [INFO   ]  Compressing plot data
[2019-01-15 17:26:03,749] multiqc                                            [INFO   ]  Report      : multiqc_report.html
[2019-01-15 17:26:03,749] multiqc                                            [INFO   ]  Data        : multiqc_data
[2019-01-15 17:26:03,750] multiqc                                            [DEBUG  ]  Moving data file from '/tmp/tmpue384mjt/multiqc_data/multiqc_data.json' to '/home/smanska/work/trim/multiqc_data'
[2019-01-15 17:26:03,750] multiqc                                            [DEBUG  ]  Moving data file from '/tmp/tmpue384mjt/multiqc_data/multiqc_fastqc.txt' to '/home/smanska/work/trim/multiqc_data'
[2019-01-15 17:26:03,750] multiqc                                            [DEBUG  ]  Moving data file from '/tmp/tmpue384mjt/multiqc_data/multiqc_general_stats.txt' to '/home/smanska/work/trim/multiqc_data'
[2019-01-15 17:26:03,750] multiqc                                            [DEBUG  ]  Moving data file from '/tmp/tmpue384mjt/multiqc_data/multiqc_sources.txt' to '/home/smanska/work/trim/multiqc_data'
[2019-01-15 17:26:03,953] multiqc                                            [INFO   ]  MultiQC complete
